2024-10-23 03:50:37 [::1][-][-][error][yii\web\HttpException:404] yii\base\InvalidRouteException: Unable to resolve the request "". in E:\xampp\htdocs\site_rose\vendor\yiisoft\yii2\base\Module.php:561
Stack trace:
#0 E:\xampp\htdocs\site_rose\vendor\yiisoft\yii2\web\Application.php(103): yii\base\Module->runAction('', Array)
#1 E:\xampp\htdocs\site_rose\vendor\yiisoft\yii2\base\Application.php(384): yii\web\Application->handleRequest(Object(yii\web\Request))
#2 E:\xampp\htdocs\site_rose\web\index.php(12): yii\base\Application->run()
#3 {main}

Next yii\web\NotFoundHttpException: Page not found. in E:\xampp\htdocs\site_rose\vendor\yiisoft\yii2\web\Application.php:115
Stack trace:
#0 E:\xampp\htdocs\site_rose\vendor\yiisoft\yii2\base\Application.php(384): yii\web\Application->handleRequest(Object(yii\web\Request))
#1 E:\xampp\htdocs\site_rose\web\index.php(12): yii\base\Application->run()
#2 {main}
2024-10-23 03:50:37 [::1][-][-][info][application] $_GET = []

$_POST = []

$_FILES = []

$_COOKIE = [
    '_defaultSessionId' => '80hoqsl9o777s7fpgme1sptdb3'
    '_csrf' => '6f84a23138dc1737a3bc671dddb1667acf3a2daf591ab45c82dcba9ec8664fd4a:2:{i:0;s:5:\"_csrf\";i:1;s:32:\"oC7eFdqbJRCYi47shjIrD88VmSr-UOqh\";}'
]

$_SESSION = [
    '__flash' => []
]

$_SERVER = [
    'MIBDIRS' => 'E:/xampp/php/extras/mibs'
    'MYSQL_HOME' => '\\xampp\\mysql\\bin'
    'OPENSSL_CONF' => 'E:/xampp/apache/bin/openssl.cnf'
    'PHP_PEAR_SYSCONF_DIR' => '\\xampp\\php'
    'PHPRC' => '\\xampp\\php'
    'TMP' => '\\xampp\\tmp'
    'HTTP_HOST' => 'localhost'
    'HTTP_CONNECTION' => 'keep-alive'
    'HTTP_CACHE_CONTROL' => 'max-age=0'
    'HTTP_SEC_CH_UA' => '\"Google Chrome\";v=\"129\", \"Not=A?Brand\";v=\"8\", \"Chromium\";v=\"129\"'
    'HTTP_SEC_CH_UA_MOBILE' => '?0'
    'HTTP_SEC_CH_UA_PLATFORM' => '\"Windows\"'
    'HTTP_UPGRADE_INSECURE_REQUESTS' => '1'
    'HTTP_USER_AGENT' => 'Mozilla/5.0 (Windows NT 10.0; Win64; x64) AppleWebKit/537.36 (KHTML, like Gecko) Chrome/129.0.0.0 Safari/537.36'
    'HTTP_ACCEPT' => 'text/html,application/xhtml+xml,application/xml;q=0.9,image/avif,image/webp,image/apng,*/*;q=0.8,application/signed-exchange;v=b3;q=0.7'
    'HTTP_SEC_FETCH_SITE' => 'same-origin'
    'HTTP_SEC_FETCH_MODE' => 'navigate'
    'HTTP_SEC_FETCH_USER' => '?1'
    'HTTP_SEC_FETCH_DEST' => 'document'
    'HTTP_REFERER' => 'http://localhost/site_rose/'
    'HTTP_ACCEPT_ENCODING' => 'gzip, deflate, br, zstd'
    'HTTP_ACCEPT_LANGUAGE' => 'pt-BR,pt;q=0.9,en-US;q=0.8,en;q=0.7'
    'HTTP_COOKIE' => '_defaultSessionId=80hoqsl9o777s7fpgme1sptdb3; _csrf=6f84a23138dc1737a3bc671dddb1667acf3a2daf591ab45c82dcba9ec8664fd4a%3A2%3A%7Bi%3A0%3Bs%3A5%3A%22_csrf%22%3Bi%3A1%3Bs%3A32%3A%22oC7eFdqbJRCYi47shjIrD88VmSr-UOqh%22%3B%7D'
    'PATH' => 'C:\\Program Files\\Common Files\\Oracle\\Java\\javapath;C:\\Python312\\Scripts\\;C:\\Python312\\;C:\\Windows\\system32;C:\\Windows;C:\\Windows\\System32\\Wbem;C:\\Windows\\System32\\WindowsPowerShell\\v1.0\\;C:\\Windows\\System32\\OpenSSH\\;C:\\Program Files\\nodejs\\;C:\\ProgramData\\chocolatey\\bin;C:\\Program Files\\WireGuard\\;C:\\Program Files\\Git\\cmd;C:\\ProgramData\\ComposerSetup\\bin;C:\\Users\\Roseane\\AppData\\Local\\Microsoft\\WindowsApps;C:\\Users\\Roseane\\AppData\\Local\\Programs\\Microsoft VS Code\\bin;C:\\Users\\Roseane\\AppData\\Roaming\\npm;C:\\Users\\Roseane\\dev\\flutter\\bin;E:\\xampp\\php;C:\\Users\\Roseane\\AppData\\Roaming\\Composer\\vendor\\bin;E:\\sqlite3;C:\\Program Files\\Java\\jdk-11\\bin;C:\\Program Files\\Herd'
    'SystemRoot' => 'C:\\Windows'
    'COMSPEC' => 'C:\\Windows\\system32\\cmd.exe'
    'PATHEXT' => '.COM;.EXE;.BAT;.CMD;.VBS;.VBE;.JS;.JSE;.WSF;.WSH;.MSC;.PY;.PYW'
    'WINDIR' => 'C:\\Windows'
    'SERVER_SIGNATURE' => '<address>Apache/2.4.58 (Win64) OpenSSL/3.1.3 PHP/8.2.12 Server at localhost Port 80</address>
'
    'SERVER_SOFTWARE' => 'Apache/2.4.58 (Win64) OpenSSL/3.1.3 PHP/8.2.12'
    'SERVER_NAME' => 'localhost'
    'SERVER_ADDR' => '::1'
    'SERVER_PORT' => '80'
    'REMOTE_ADDR' => '::1'
    'DOCUMENT_ROOT' => 'E:/xampp/htdocs'
    'REQUEST_SCHEME' => 'http'
    'CONTEXT_PREFIX' => ''
    'CONTEXT_DOCUMENT_ROOT' => 'E:/xampp/htdocs'
    'SERVER_ADMIN' => 'postmaster@localhost'
    'SCRIPT_FILENAME' => 'E:/xampp/htdocs/site_rose/web/index.php'
    'REMOTE_PORT' => '59494'
    'GATEWAY_INTERFACE' => 'CGI/1.1'
    'SERVER_PROTOCOL' => 'HTTP/1.1'
    'REQUEST_METHOD' => 'GET'
    'QUERY_STRING' => ''
    'REQUEST_URI' => '/site_rose/web/'
    'SCRIPT_NAME' => '/site_rose/web/index.php'
    'PHP_SELF' => '/site_rose/web/index.php'
    'REQUEST_TIME_FLOAT' => 1729648237.3984
    'REQUEST_TIME' => 1729648237
]
